d:\university\8iar125 -ai\project 1 - westernproject\westernprojectdanedition\debug\vc141.pdb
d:\university\8iar125 -ai\project 1 - westernproject\westernprojectdanedition\debug\vc141.idb
d:\university\8iar125 -ai\project 1 - westernproject\westernprojectdanedition\debug\minerswifeownedstates.sbr
d:\university\8iar125 -ai\project 1 - westernproject\westernprojectdanedition\debug\minerswife.sbr
d:\university\8iar125 -ai\project 1 - westernproject\westernprojectdanedition\debug\minerownedstates.sbr
d:\university\8iar125 -ai\project 1 - westernproject\westernprojectdanedition\debug\miner.sbr
d:\university\8iar125 -ai\project 1 - westernproject\westernprojectdanedition\debug\messagedispatcher.sbr
d:\university\8iar125 -ai\project 1 - westernproject\westernprojectdanedition\debug\main.sbr
d:\university\8iar125 -ai\project 1 - westernproject\westernprojectdanedition\debug\entitymanager.sbr
d:\university\8iar125 -ai\project 1 - westernproject\westernprojectdanedition\debug\basegameentity.sbr
d:\university\8iar125 -ai\project 1 - westernproject\westernprojectdanedition\debug\basegameentity.obj
d:\university\8iar125 -ai\project 1 - westernproject\westernprojectdanedition\debug\entitymanager.obj
d:\university\8iar125 -ai\project 1 - westernproject\westernprojectdanedition\debug\main.obj
d:\university\8iar125 -ai\project 1 - westernproject\westernprojectdanedition\debug\messagedispatcher.obj
d:\university\8iar125 -ai\project 1 - westernproject\westernprojectdanedition\debug\miner.obj
d:\university\8iar125 -ai\project 1 - westernproject\westernprojectdanedition\debug\minerownedstates.obj
d:\university\8iar125 -ai\project 1 - westernproject\westernprojectdanedition\debug\minerswife.obj
d:\university\8iar125 -ai\project 1 - westernproject\westernprojectdanedition\debug\minerswifeownedstates.obj
d:\university\8iar125 -ai\project 1 - westernproject\westernprojectdanedition\debug\westworl.0e2c3421.tlog\cl.command.1.tlog
d:\university\8iar125 -ai\project 1 - westernproject\westernprojectdanedition\debug\westworl.0e2c3421.tlog\cl.read.1.tlog
d:\university\8iar125 -ai\project 1 - westernproject\westernprojectdanedition\debug\westworl.0e2c3421.tlog\cl.write.1.tlog
